<?xml version="1.0" encoding="UTF-8"?>
<testsuite xmlns:xsi="http://www.w3.org/2001/XMLSchema-instance" xsi:noNamespaceSchemaLocation="https://maven.apache.org/surefire/maven-surefire-plugin/xsd/surefire-test-report-3.0.xsd" version="3.0" name="TestSuite" time="1.155" tests="5" errors="0" skipped="0" failures="5">
  <properties>
[...]
</properties>
  <testcase name="runScenario[&quot;Login with valid credentials&quot;, &quot;User Login&quot;](1)" classname="runner.MyRunner" time="0.063">
    <failure message="Cannot invoke &quot;java.util.Properties.getProperty(String)&quot; because &quot;this.prop&quot; is null" type="java.lang.NullPointerException"><![CDATA[java.lang.NullPointerException: Cannot invoke "java.util.Properties.getProperty(String)" because "this.prop" is null
	at stepdefinations.Login.open_the_application_in_any_browser_for_login(Login.java:43)
	at ✽.Open the application in any browser for login(file:///C:/Users/SHAHSAYY/New%20folder/unacademy/src/test/java/features/Login.feature:6)
]]></failure>
    <system-out><![CDATA[
@login
Scenario: Login with valid credentials                &amp#27;[90m# src/test/java/features/Login.feature:10&amp#27;[0m
  &amp#27;[31mGiven &amp#27;[0m&amp#27;[31mOpen the application in any browser for login&amp#27;[0m &amp#27;[90m# stepdefinations.Login.open_the_application_in_any_browser_for_login()&amp#27;[0m
      &amp#27;[31mjava.lang.NullPointerException: Cannot invoke "java.util.Properties.getProperty(String)" because "this.prop" is null
	at stepdefinations.Login.open_the_application_in_any_browser_for_login(Login.java:43)
	at âœ½.Open the application in any browser for login(file:///C:/Users/SHAHSAYY/New%20folder/unacademy/src/test/java/features/Login.feature:6)
&amp#27;[0m
  &amp#27;[36mAnd &amp#27;[0m&amp#27;[36mNavigate to login page for login&amp#27;[0m                &amp#27;[90m# stepdefinations.Login.navigate_to_login_page_for_login()&amp#27;[0m
  &amp#27;[36mWhen &amp#27;[0m&amp#27;[36mUser enters valid credentials into the fields&amp#27;[0m  &amp#27;[90m# stepdefinations.Login.user_enters_valid_credentials_into_the_fields()&amp#27;[0m
  &amp#27;[36mAnd &amp#27;[0m&amp#27;[36mUser clicks on login button&amp#27;[0m                     &amp#27;[90m# stepdefinations.Login.user_clicks_on_login_button()&amp#27;[0m
  &amp#27;[36mThen &amp#27;[0m&amp#27;[36mVerify user is able to successfully Login&amp#27;[0m      &amp#27;[90m# stepdefinations.Login.verify_user_is_able_to_successfully_login()&amp#27;[0m
]]></system-out>
    <system-err><![CDATA[SLF4J: Failed to load class "org.slf4j.impl.StaticLoggerBinder".
SLF4J: Defaulting to no-operation (NOP) logger implementation
SLF4J: See http://www.slf4j.org/codes.html#StaticLoggerBinder for further details.
]]></system-err>
  </testcase>
  <testcase name="runScenario[&quot;Login with invalid credentials&quot;, &quot;User Login&quot;](2)" classname="runner.MyRunner" time="0.019">
    <failure message="Cannot invoke &quot;java.util.Properties.getProperty(String)&quot; because &quot;this.prop&quot; is null" type="java.lang.NullPointerException"><![CDATA[java.lang.NullPointerException: Cannot invoke "java.util.Properties.getProperty(String)" because "this.prop" is null
	at stepdefinations.Login.open_the_application_in_any_browser_for_login(Login.java:43)
	at ✽.Open the application in any browser for login(file:///C:/Users/SHAHSAYY/New%20folder/unacademy/src/test/java/features/Login.feature:6)
]]></failure>
    <system-out><![CDATA[
@login
Scenario: Login with invalid credentials               &amp#27;[90m# src/test/java/features/Login.feature:16&amp#27;[0m
  &amp#27;[31mGiven &amp#27;[0m&amp#27;[31mOpen the application in any browser for login&amp#27;[0m  &amp#27;[90m# stepdefinations.Login.open_the_application_in_any_browser_for_login()&amp#27;[0m
      &amp#27;[31mjava.lang.NullPointerException: Cannot invoke "java.util.Properties.getProperty(String)" because "this.prop" is null
	at stepdefinations.Login.open_the_application_in_any_browser_for_login(Login.java:43)
	at âœ½.Open the application in any browser for login(file:///C:/Users/SHAHSAYY/New%20folder/unacademy/src/test/java/features/Login.feature:6)
&amp#27;[0m
  &amp#27;[36mAnd &amp#27;[0m&amp#27;[36mNavigate to login page for login&amp#27;[0m                 &amp#27;[90m# stepdefinations.Login.navigate_to_login_page_for_login()&amp#27;[0m
  &amp#27;[36mWhen &amp#27;[0m&amp#27;[36mUser enters invalid credentials into the fields&amp#27;[0m &amp#27;[90m# stepdefinations.Login.user_enters_invalid_credentials_into_the_fields()&amp#27;[0m
  &amp#27;[36mAnd &amp#27;[0m&amp#27;[36mUser click on Login button&amp#27;[0m                       &amp#27;[90m# stepdefinations.Login.user_click_on_login_button()&amp#27;[0m
  &amp#27;[36mThen &amp#27;[0m&amp#27;[36mVerify user login is unsuccessfull&amp#27;[0m              &amp#27;[90m# stepdefinations.Login.verify_user_login_is_unsuccessfull()&amp#27;[0m
]]></system-out>
  </testcase>
  <testcase name="runScenario[&quot;Logging out&quot;, &quot;User Logout&quot;](3)" classname="runner.MyRunner" time="0.028">
    <failure message="Cannot invoke &quot;org.openqa.selenium.SearchContext.findElement(org.openqa.selenium.By)&quot; because &quot;this.searchContext&quot; is null" type="java.lang.NullPointerException"><![CDATA[java.lang.NullPointerException: Cannot invoke "org.openqa.selenium.SearchContext.findElement(org.openqa.selenium.By)" because "this.searchContext" is null
	at org.openqa.selenium.support.pagefactory.DefaultElementLocator.findElement(DefaultElementLocator.java:70)
	at org.openqa.selenium.support.pagefactory.internal.LocatingElementHandler.invoke(LocatingElementHandler.java:39)
	at jdk.proxy2/jdk.proxy2.$Proxy22.click(Unknown Source)
	at pageobject.LoginPage.clickonLoginButton(LoginPage.java:30)
	at stepdefinations.Logout.that_user_have_loggedin_to_the_unacademy_page(Logout.java:46)
	at ✽.that user have loggedin to the unacademy page(file:///C:/Users/SHAHSAYY/New%20folder/unacademy/src/test/java/features/Logout.feature:7)
]]></failure>
    <system-out><![CDATA[
@logout
Scenario: Logging out                                   &amp#27;[90m# src/test/java/features/Logout.feature:6&amp#27;[0m
  &amp#27;[31mGiven &amp#27;[0m&amp#27;[31mthat user have loggedin to the unacademy page&amp#27;[0m   &amp#27;[90m# stepdefinations.Logout.that_user_have_loggedin_to_the_unacademy_page()&amp#27;[0m
      &amp#27;[31mjava.lang.NullPointerException: Cannot invoke "org.openqa.selenium.SearchContext.findElement(org.openqa.selenium.By)" because "this.searchContext" is null
	at org.openqa.selenium.support.pagefactory.DefaultElementLocator.findElement(DefaultElementLocator.java:70)
	at org.openqa.selenium.support.pagefactory.internal.LocatingElementHandler.invoke(LocatingElementHandler.java:39)
	at jdk.proxy2/jdk.proxy2.$Proxy22.click(Unknown Source)
	at pageobject.LoginPage.clickonLoginButton(LoginPage.java:30)
	at stepdefinations.Logout.that_user_have_loggedin_to_the_unacademy_page(Logout.java:46)
	at âœ½.that user have loggedin to the unacademy page(file:///C:/Users/SHAHSAYY/New%20folder/unacademy/src/test/java/features/Logout.feature:7)
&amp#27;[0m
  &amp#27;[36mWhen &amp#27;[0m&amp#27;[36muser navigates to the Myicon page&amp#27;[0m                &amp#27;[90m# stepdefinations.Logout.user_navigates_to_the_myicon_page()&amp#27;[0m
  &amp#27;[36mAnd &amp#27;[0m&amp#27;[36mclicks on Logout button&amp#27;[0m                           &amp#27;[90m# stepdefinations.Logout.clicks_on_logout_button()&amp#27;[0m
  &amp#27;[36mThen &amp#27;[0m&amp#27;[36mverify user is able to logout of the application&amp#27;[0m &amp#27;[90m# stepdefinations.Logout.verify_user_is_able_to_logout_of_the_application()&amp#27;[0m
]]></system-out>
  </testcase>
  <testcase name="runScenario[&quot;Signin with existing account credentials&quot;, &quot;User Signin&quot;](4)" classname="runner.MyRunner" time="0.02">
    <failure message="Cannot invoke &quot;java.util.Properties.getProperty(String)&quot; because &quot;this.prop&quot; is null" type="java.lang.NullPointerException"><![CDATA[java.lang.NullPointerException: Cannot invoke "java.util.Properties.getProperty(String)" because "this.prop" is null
	at stepdefinations.Signin.open_the_application_in_any_browser_for_signin(Signin.java:41)
	at ✽.Open the application in any browser for signin(file:///C:/Users/SHAHSAYY/New%20folder/unacademy/src/test/java/features/Signin.feature:7)
]]></failure>
    <system-out><![CDATA[
@signin
Scenario: Signin with existing account credentials                                     &amp#27;[90m# src/test/java/features/Signin.feature:11&amp#27;[0m
  &amp#27;[31mGiven &amp#27;[0m&amp#27;[31mOpen the application in any browser for signin&amp#27;[0m                                 &amp#27;[90m# stepdefinations.Signin.open_the_application_in_any_browser_for_signin()&amp#27;[0m
      &amp#27;[31mjava.lang.NullPointerException: Cannot invoke "java.util.Properties.getProperty(String)" because "this.prop" is null
	at stepdefinations.Signin.open_the_application_in_any_browser_for_signin(Signin.java:41)
	at âœ½.Open the application in any browser for signin(file:///C:/Users/SHAHSAYY/New%20folder/unacademy/src/test/java/features/Signin.feature:7)
&amp#27;[0m
  &amp#27;[36mAnd &amp#27;[0m&amp#27;[36mNavigate to login page for signin&amp#27;[0m                                                &amp#27;[90m# stepdefinations.Signin.navigate_to_login_page_for_signin()&amp#27;[0m
  &amp#27;[36mWhen &amp#27;[0m&amp#27;[36mUser enters existing accound credentials&amp#27;[0m                                        &amp#27;[90m# stepdefinations.Signin.user_enters_existing_accound_credentials()&amp#27;[0m
  &amp#27;[36mAnd &amp#27;[0m&amp#27;[36mUser clicks on login button to signin&amp#27;[0m                                            &amp#27;[90m# stepdefinations.Signin.user_clicks_on_login_button_to_signin()&amp#27;[0m
  &amp#27;[36mThen &amp#27;[0m&amp#27;[36mVerify user is not able to create new account with existing account credentials&amp#27;[0m &amp#27;[90m# stepdefinations.Signin.verify_user_is_not_able_to_create_new_account_with_existing_account_credentials()&amp#27;[0m
]]></system-out>
  </testcase>
  <testcase name="runScenario[&quot;Signin with invalid account credentials&quot;, &quot;User Signin&quot;](5)" classname="runner.MyRunner" time="0.018">
    <failure message="Cannot invoke &quot;java.util.Properties.getProperty(String)&quot; because &quot;this.prop&quot; is null" type="java.lang.NullPointerException"><![CDATA[java.lang.NullPointerException: Cannot invoke "java.util.Properties.getProperty(String)" because "this.prop" is null
	at stepdefinations.Signin.open_the_application_in_any_browser_for_signin(Signin.java:41)
	at ✽.Open the application in any browser for signin(file:///C:/Users/SHAHSAYY/New%20folder/unacademy/src/test/java/features/Signin.feature:7)
]]></failure>
    <system-out><![CDATA[
@signin
Scenario: Signin with invalid account credentials                             &amp#27;[90m# src/test/java/features/Signin.feature:17&amp#27;[0m
  &amp#27;[31mGiven &amp#27;[0m&amp#27;[31mOpen the application in any browser for signin&amp#27;[0m                        &amp#27;[90m# stepdefinations.Signin.open_the_application_in_any_browser_for_signin()&amp#27;[0m
      &amp#27;[31mjava.lang.NullPointerException: Cannot invoke "java.util.Properties.getProperty(String)" because "this.prop" is null
	at stepdefinations.Signin.open_the_application_in_any_browser_for_signin(Signin.java:41)
	at âœ½.Open the application in any browser for signin(file:///C:/Users/SHAHSAYY/New%20folder/unacademy/src/test/java/features/Signin.feature:7)
&amp#27;[0m
  &amp#27;[36mAnd &amp#27;[0m&amp#27;[36mNavigate to login page for signin&amp#27;[0m                                       &amp#27;[90m# stepdefinations.Signin.navigate_to_login_page_for_signin()&amp#27;[0m
  &amp#27;[36mWhen &amp#27;[0m&amp#27;[36mUser enters invalid Phone Number as "&amp#27;[0m&amp#27;[36m&amp#27;[1m111&amp#27;[0m&amp#27;[36m"&amp#27;[0m                              &amp#27;[90m# stepdefinations.Signin.user_enters_invalid_phone_number_as_something(java.lang.String)&amp#27;[0m
  &amp#27;[36mAnd &amp#27;[0m&amp#27;[36mUser clicks on login button to signin&amp#27;[0m                                   &amp#27;[90m# stepdefinations.Signin.user_clicks_on_login_button_to_signin()&amp#27;[0m
  &amp#27;[36mThen &amp#27;[0m&amp#27;[36mVerify user is not able to click on login button and create an account&amp#27;[0m &amp#27;[90m# stepdefinations.Signin.verify_user_is_not_able_to_click_on_login_button_and_create_an_account()&amp#27;[0m
]]></system-out>
  </testcase>
</testsuite>